-------------------------------------------------------------------------------
Test set: com.winmore.runner.Test_Runner
-------------------------------------------------------------------------------
Tests run: 3, Failures: 2, Errors: 0, Skipped: 0, Time elapsed: 96.77 s <<< FAILURE! -- in com.winmore.runner.Test_Runner
com.winmore.runner.Test_Runner.runScenario["Login into the app", "Extension Auto Export Doc related testing"](2) -- Time elapsed: 35.43 s <<< FAILURE!
java.lang.AssertionError: 
Failed to perform a standard click on locator '//a[contains(text(),'Aggregate Shipments')][1]': Error {
  message='Timeout 30000ms exceeded.
=========================== logs ===========================
waiting for locator("xpath=//a[contains(text(),'Aggregate Shipments')][1]")
============================================================
  name='TimeoutError
  stack='TimeoutError: Timeout 30000ms exceeded.
=========================== logs ===========================
waiting for locator("xpath=//a[contains(text(),'Aggregate Shipments')][1]")
============================================================
    at ProgressController.run (C:\Users\amyal\AppData\Local\Temp\playwright-java-4752265878314167441\package\lib\server\progress.js:93:26)
    at Frame.click (C:\Users\amyal\AppData\Local\Temp\playwright-java-4752265878314167441\package\lib\server\frames.js:945:23)
    at FrameDispatcher.click (C:\Users\amyal\AppData\Local\Temp\playwright-java-4752265878314167441\package\lib\server\dispatchers\frameDispatcher.js:146:30)
    at DispatcherConnection.dispatch (C:\Users\amyal\AppData\Local\Temp\playwright-java-4752265878314167441\package\lib\server\dispatchers\dispatcher.js:317:46)
}
	at org.testng.Assert.fail(Assert.java:110)
	at com.winmore.actions.ClickActionHelper.click(ClickActionHelper.java:31)
	at com.winmore.stepImplementations.LoginStepsImpl.selectOrganization(LoginStepsImpl.java:66)
	at com.winmore.stepdefinitions.login.LoginSteps.the_user_selecting_the_organization(LoginSteps.java:32)
	at ✽.the user selecting the Organization "Engineering Automation"(file:///C:/Users/amyal/Documents/WinmoreAutomation/Playwright-Cucumber-Project/WinmorePlaywrightAutomation/src/test/resources/Features/Extensions_AutoExportDoc.feature:12)

com.winmore.runner.Test_Runner.runScenario["User creating a record", "Extension Auto Export Doc related testing"](3) -- Time elapsed: 34.53 s <<< FAILURE!
java.lang.AssertionError: 
Failed to perform a standard click on locator '//a[contains(text(),'Aggregate Shipments')][1]': Error {
  message='Timeout 30000ms exceeded.
=========================== logs ===========================
waiting for locator("xpath=//a[contains(text(),'Aggregate Shipments')][1]")
============================================================
  name='TimeoutError
  stack='TimeoutError: Timeout 30000ms exceeded.
=========================== logs ===========================
waiting for locator("xpath=//a[contains(text(),'Aggregate Shipments')][1]")
============================================================
    at ProgressController.run (C:\Users\amyal\AppData\Local\Temp\playwright-java-4752265878314167441\package\lib\server\progress.js:93:26)
    at Frame.click (C:\Users\amyal\AppData\Local\Temp\playwright-java-4752265878314167441\package\lib\server\frames.js:945:23)
    at FrameDispatcher.click (C:\Users\amyal\AppData\Local\Temp\playwright-java-4752265878314167441\package\lib\server\dispatchers\frameDispatcher.js:146:30)
    at DispatcherConnection.dispatch (C:\Users\amyal\AppData\Local\Temp\playwright-java-4752265878314167441\package\lib\server\dispatchers\dispatcher.js:317:46)
}
	at org.testng.Assert.fail(Assert.java:110)
	at com.winmore.actions.ClickActionHelper.click(ClickActionHelper.java:31)
	at com.winmore.stepdefinitions.extensions.Extensions_AutoExportDocSteps.the_user_navigating_to_the_option_in_browse(Extensions_AutoExportDocSteps.java:18)
	at ✽.the user navigating to the "Aggregate Shipments" option in browse(file:///C:/Users/amyal/Documents/WinmoreAutomation/Playwright-Cucumber-Project/WinmorePlaywrightAutomation/src/test/resources/Features/Extensions_AutoExportDoc.feature:17)

