-------------------------------------------------------------------------------
Test set: com.winmore.runner.Test_Runner
-------------------------------------------------------------------------------
Tests run: 24, Failures: 1, Errors: 0, Skipped: 0, Time elapsed: 311.6 s <<< FAILURE! -- in com.winmore.runner.Test_Runner
com.winmore.runner.Test_Runner.runScenario["User checking the schedule activity creation", "Quick Create related testing"](23) -- Time elapsed: 0.321 s <<< FAILURE!
java.lang.IllegalArgumentException: Unsupported option provided: Quick Create
	at com.winmore.stepdefinitions.home.HomeSteps.the_user_selecting_option_from_quick_create_list(HomeSteps.java:16)
	at ✽.the user navigating to the "Quick Create" option in homepage(file:///C:/Users/amyal/Documents/WinmoreAutomation/Playwright-Cucumber-Project/WinmorePlaywrightAutomation/src/test/resources/Features/QuickCreate.feature:16)

