<?xml version="1.0" encoding="UTF-8"?>
<testng-results ignored="0" total="24" passed="23" failed="1" skipped="0">
  <reporter-output>
  </reporter-output>
  <suite started-at="2025-09-29T02:40:17 IST" name="Surefire suite" finished-at="2025-09-29T02:45:09 IST" duration-ms="292842">
    <groups>
      <group name="cucumber">
        <method signature="AbstractTestNGCucumberTests.runScenario(io.cucumber.testng.PickleWrapper,io.cucumber.testng.FeatureWrapper)[pri:0, instance:com.winmore.runner.Test_Runner@8297b3a]" name="runScenario" class="io.cucumber.testng.AbstractTestNGCucumberTests"/>
      </group> <!-- cucumber -->
    </groups>
    <test started-at="2025-09-29T02:40:17 IST" name="Surefire test" finished-at="2025-09-29T02:45:09 IST" duration-ms="292842">
      <class name="com.winmore.runner.Test_Runner">
        <test-method is-config="true" signature="setUpClass(org.testng.ITestContext)[pri:0, instance:com.winmore.runner.Test_Runner@8297b3a]" started-at="2025-09-29T02:40:17 IST" name="setUpClass" finished-at="2025-09-29T02:40:30 IST" duration-ms="13272" status="PASS">
          <params>
            <param index="0">
              <value>
                <![CDATA[org.testng.TestRunner@716ae973]]>
              </value>
            </param>
          </params>
          <reporter-output>
          </reporter-output>
        </test-method> <!-- setUpClass -->
        <test-method is-config="true" signature="setEnvFromXml(java.lang.String,java.lang.String)[pri:0, instance:com.winmore.runner.Test_Runner@8297b3a]" started-at="2025-09-29T02:40:30 IST" name="setEnvFromXml" finished-at="2025-09-29T02:40:30 IST" duration-ms="8" status="PASS">
          <params>
            <param index="0">
              <value>
                <![CDATA[napreprod]]>
              </value>
            </param>
            <param index="1">
              <value>
                <![CDATA[amit.kumar@winmore.app]]>
              </value>
            </param>
          </params>
          <reporter-output>
          </reporter-output>
        </test-method> <!-- setEnvFromXml -->
        <test-method signature="runScenario(io.cucumber.testng.PickleWrapper,io.cucumber.testng.FeatureWrapper)[pri:0, instance:com.winmore.runner.Test_Runner@8297b3a]" started-at="2025-09-29T02:40:30 IST" name="runScenario" description="Runs Cucumber Scenarios" data-provider="scenarios" finished-at="2025-09-29T02:40:44 IST" duration-ms="13592" status="PASS">
          <params>
            <param index="0">
              <value>
                <![CDATA["Launching the app"]]>
              </value>
            </param>
            <param index="1">
              <value>
                <![CDATA["RateAI_ PI Selected download from record related test cases"]]>
              </value>
            </param>
          </params>
          <reporter-output>
          </reporter-output>
        </test-method> <!-- runScenario -->
        <test-method signature="runScenario(io.cucumber.testng.PickleWrapper,io.cucumber.testng.FeatureWrapper)[pri:0, instance:com.winmore.runner.Test_Runner@8297b3a]" started-at="2025-09-29T02:40:44 IST" name="runScenario" description="Runs Cucumber Scenarios" data-provider="scenarios" finished-at="2025-09-29T02:41:00 IST" duration-ms="16393" status="PASS">
          <params>
            <param index="0">
              <value>
                <![CDATA["Login into the app"]]>
              </value>
            </param>
            <param index="1">
              <value>
                <![CDATA["RateAI_ PI Selected download from record related test cases"]]>
              </value>
            </param>
          </params>
          <reporter-output>
          </reporter-output>
        </test-method> <!-- runScenario -->
        <test-method signature="runScenario(io.cucumber.testng.PickleWrapper,io.cucumber.testng.FeatureWrapper)[pri:0, instance:com.winmore.runner.Test_Runner@8297b3a]" started-at="2025-09-29T02:41:00 IST" name="runScenario" description="Runs Cucumber Scenarios" data-provider="scenarios" finished-at="2025-09-29T02:41:13 IST" duration-ms="12808" status="PASS">
          <params>
            <param index="0">
              <value>
                <![CDATA["User creating a record for Formula Check from PI"]]>
              </value>
            </param>
            <param index="1">
              <value>
                <![CDATA["RateAI_ PI Selected download from record related test cases"]]>
              </value>
            </param>
          </params>
          <reporter-output>
          </reporter-output>
        </test-method> <!-- runScenario -->
        <test-method signature="runScenario(io.cucumber.testng.PickleWrapper,io.cucumber.testng.FeatureWrapper)[pri:0, instance:com.winmore.runner.Test_Runner@8297b3a]" started-at="2025-09-29T02:41:13 IST" name="runScenario" description="Runs Cucumber Scenarios" data-provider="scenarios" finished-at="2025-09-29T02:41:22 IST" duration-ms="8807" status="PASS">
          <params>
            <param index="0">
              <value>
                <![CDATA["User navigating to the newly created record"]]>
              </value>
            </param>
            <param index="1">
              <value>
                <![CDATA["RateAI_ PI Selected download from record related test cases"]]>
              </value>
            </param>
          </params>
          <reporter-output>
          </reporter-output>
        </test-method> <!-- runScenario -->
        <test-method signature="runScenario(io.cucumber.testng.PickleWrapper,io.cucumber.testng.FeatureWrapper)[pri:0, instance:com.winmore.runner.Test_Runner@8297b3a]" started-at="2025-09-29T02:41:22 IST" name="runScenario" description="Runs Cucumber Scenarios" data-provider="scenarios" finished-at="2025-09-29T02:41:22 IST" duration-ms="157" status="PASS">
          <params>
            <param index="0">
              <value>
                <![CDATA["User navigating to the Ocean Pricing page in template screen"]]>
              </value>
            </param>
            <param index="1">
              <value>
                <![CDATA["RateAI_ PI Selected download from record related test cases"]]>
              </value>
            </param>
          </params>
          <reporter-output>
          </reporter-output>
        </test-method> <!-- runScenario -->
        <test-method signature="runScenario(io.cucumber.testng.PickleWrapper,io.cucumber.testng.FeatureWrapper)[pri:0, instance:com.winmore.runner.Test_Runner@8297b3a]" started-at="2025-09-29T02:41:22 IST" name="runScenario" description="Runs Cucumber Scenarios" data-provider="scenarios" finished-at="2025-09-29T02:41:59 IST" duration-ms="37305" status="PASS">
          <params>
            <param index="0">
              <value>
                <![CDATA["User Uploading the shipper file"]]>
              </value>
            </param>
            <param index="1">
              <value>
                <![CDATA["RateAI_ PI Selected download from record related test cases"]]>
              </value>
            </param>
          </params>
          <reporter-output>
          </reporter-output>
        </test-method> <!-- runScenario -->
        <test-method signature="runScenario(io.cucumber.testng.PickleWrapper,io.cucumber.testng.FeatureWrapper)[pri:0, instance:com.winmore.runner.Test_Runner@8297b3a]" started-at="2025-09-29T02:41:59 IST" name="runScenario" description="Runs Cucumber Scenarios" data-provider="scenarios" finished-at="2025-09-29T02:42:07 IST" duration-ms="8233" status="PASS">
          <params>
            <param index="0">
              <value>
                <![CDATA["User logging out from the app"]]>
              </value>
            </param>
            <param index="1">
              <value>
                <![CDATA["RateAI_ PI Selected download from record related test cases"]]>
              </value>
            </param>
          </params>
          <reporter-output>
          </reporter-output>
        </test-method> <!-- runScenario -->
        <test-method signature="runScenario(io.cucumber.testng.PickleWrapper,io.cucumber.testng.FeatureWrapper)[pri:0, instance:com.winmore.runner.Test_Runner@8297b3a]" started-at="2025-09-29T02:42:07 IST" name="runScenario" description="Runs Cucumber Scenarios" data-provider="scenarios" finished-at="2025-09-29T02:42:11 IST" duration-ms="3929" status="PASS">
          <params>
            <param index="0">
              <value>
                <![CDATA["Launching the app"]]>
              </value>
            </param>
            <param index="1">
              <value>
                <![CDATA["Extension Auto Export Doc related testing"]]>
              </value>
            </param>
          </params>
          <reporter-output>
          </reporter-output>
        </test-method> <!-- runScenario -->
        <test-method signature="runScenario(io.cucumber.testng.PickleWrapper,io.cucumber.testng.FeatureWrapper)[pri:0, instance:com.winmore.runner.Test_Runner@8297b3a]" started-at="2025-09-29T02:42:11 IST" name="runScenario" description="Runs Cucumber Scenarios" data-provider="scenarios" finished-at="2025-09-29T02:42:26 IST" duration-ms="14412" status="PASS">
          <params>
            <param index="0">
              <value>
                <![CDATA["Login into the app"]]>
              </value>
            </param>
            <param index="1">
              <value>
                <![CDATA["Extension Auto Export Doc related testing"]]>
              </value>
            </param>
          </params>
          <reporter-output>
          </reporter-output>
        </test-method> <!-- runScenario -->
        <test-method signature="runScenario(io.cucumber.testng.PickleWrapper,io.cucumber.testng.FeatureWrapper)[pri:0, instance:com.winmore.runner.Test_Runner@8297b3a]" started-at="2025-09-29T02:42:26 IST" name="runScenario" description="Runs Cucumber Scenarios" data-provider="scenarios" finished-at="2025-09-29T02:43:18 IST" duration-ms="52299" status="PASS">
          <params>
            <param index="0">
              <value>
                <![CDATA["User creating a record"]]>
              </value>
            </param>
            <param index="1">
              <value>
                <![CDATA["Extension Auto Export Doc related testing"]]>
              </value>
            </param>
          </params>
          <reporter-output>
          </reporter-output>
        </test-method> <!-- runScenario -->
        <test-method signature="runScenario(io.cucumber.testng.PickleWrapper,io.cucumber.testng.FeatureWrapper)[pri:0, instance:com.winmore.runner.Test_Runner@8297b3a]" started-at="2025-09-29T02:43:18 IST" name="runScenario" description="Runs Cucumber Scenarios" data-provider="scenarios" finished-at="2025-09-29T02:43:26 IST" duration-ms="8380" status="PASS">
          <params>
            <param index="0">
              <value>
                <![CDATA["User logging out from the app"]]>
              </value>
            </param>
            <param index="1">
              <value>
                <![CDATA["Extension Auto Export Doc related testing"]]>
              </value>
            </param>
          </params>
          <reporter-output>
          </reporter-output>
        </test-method> <!-- runScenario -->
        <test-method signature="runScenario(io.cucumber.testng.PickleWrapper,io.cucumber.testng.FeatureWrapper)[pri:0, instance:com.winmore.runner.Test_Runner@8297b3a]" started-at="2025-09-29T02:43:26 IST" name="runScenario" description="Runs Cucumber Scenarios" data-provider="scenarios" finished-at="2025-09-29T02:43:30 IST" duration-ms="3899" status="PASS">
          <params>
            <param index="0">
              <value>
                <![CDATA["Launching the app"]]>
              </value>
            </param>
            <param index="1">
              <value>
                <![CDATA["Login related testing"]]>
              </value>
            </param>
          </params>
          <reporter-output>
          </reporter-output>
        </test-method> <!-- runScenario -->
        <test-method signature="runScenario(io.cucumber.testng.PickleWrapper,io.cucumber.testng.FeatureWrapper)[pri:0, instance:com.winmore.runner.Test_Runner@8297b3a]" started-at="2025-09-29T02:43:30 IST" name="runScenario" description="Runs Cucumber Scenarios" data-provider="scenarios" finished-at="2025-09-29T02:43:44 IST" duration-ms="13762" status="PASS">
          <params>
            <param index="0">
              <value>
                <![CDATA["Login into the app"]]>
              </value>
            </param>
            <param index="1">
              <value>
                <![CDATA["Login related testing"]]>
              </value>
            </param>
          </params>
          <reporter-output>
          </reporter-output>
        </test-method> <!-- runScenario -->
        <test-method signature="runScenario(io.cucumber.testng.PickleWrapper,io.cucumber.testng.FeatureWrapper)[pri:0, instance:com.winmore.runner.Test_Runner@8297b3a]" started-at="2025-09-29T02:43:44 IST" name="runScenario" description="Runs Cucumber Scenarios" data-provider="scenarios" finished-at="2025-09-29T02:43:56 IST" duration-ms="12346" status="PASS">
          <params>
            <param index="0">
              <value>
                <![CDATA["User is creating a record"]]>
              </value>
            </param>
            <param index="1">
              <value>
                <![CDATA["Login related testing"]]>
              </value>
            </param>
          </params>
          <reporter-output>
          </reporter-output>
        </test-method> <!-- runScenario -->
        <test-method signature="runScenario(io.cucumber.testng.PickleWrapper,io.cucumber.testng.FeatureWrapper)[pri:0, instance:com.winmore.runner.Test_Runner@8297b3a]" started-at="2025-09-29T02:43:56 IST" name="runScenario" description="Runs Cucumber Scenarios" data-provider="scenarios" finished-at="2025-09-29T02:44:00 IST" duration-ms="4115" status="PASS">
          <params>
            <param index="0">
              <value>
                <![CDATA["User navigating to the newly created record"]]>
              </value>
            </param>
            <param index="1">
              <value>
                <![CDATA["Login related testing"]]>
              </value>
            </param>
          </params>
          <reporter-output>
          </reporter-output>
        </test-method> <!-- runScenario -->
        <test-method signature="runScenario(io.cucumber.testng.PickleWrapper,io.cucumber.testng.FeatureWrapper)[pri:0, instance:com.winmore.runner.Test_Runner@8297b3a]" started-at="2025-09-29T02:44:00 IST" name="runScenario" description="Runs Cucumber Scenarios" data-provider="scenarios" finished-at="2025-09-29T02:44:07 IST" duration-ms="6133" status="PASS">
          <params>
            <param index="0">
              <value>
                <![CDATA["Deleting the created record"]]>
              </value>
            </param>
            <param index="1">
              <value>
                <![CDATA["Login related testing"]]>
              </value>
            </param>
          </params>
          <reporter-output>
          </reporter-output>
        </test-method> <!-- runScenario -->
        <test-method signature="runScenario(io.cucumber.testng.PickleWrapper,io.cucumber.testng.FeatureWrapper)[pri:0, instance:com.winmore.runner.Test_Runner@8297b3a]" started-at="2025-09-29T02:44:07 IST" name="runScenario" description="Runs Cucumber Scenarios" data-provider="scenarios" finished-at="2025-09-29T02:44:15 IST" duration-ms="8177" status="PASS">
          <params>
            <param index="0">
              <value>
                <![CDATA["User logging out from the app"]]>
              </value>
            </param>
            <param index="1">
              <value>
                <![CDATA["Login related testing"]]>
              </value>
            </param>
          </params>
          <reporter-output>
          </reporter-output>
        </test-method> <!-- runScenario -->
        <test-method signature="runScenario(io.cucumber.testng.PickleWrapper,io.cucumber.testng.FeatureWrapper)[pri:0, instance:com.winmore.runner.Test_Runner@8297b3a]" started-at="2025-09-29T02:44:15 IST" name="runScenario" description="Runs Cucumber Scenarios" data-provider="scenarios" finished-at="2025-09-29T02:44:19 IST" duration-ms="3898" status="PASS">
          <params>
            <param index="0">
              <value>
                <![CDATA["Launching the app"]]>
              </value>
            </param>
            <param index="1">
              <value>
                <![CDATA["Login related testing"]]>
              </value>
            </param>
          </params>
          <reporter-output>
          </reporter-output>
        </test-method> <!-- runScenario -->
        <test-method signature="runScenario(io.cucumber.testng.PickleWrapper,io.cucumber.testng.FeatureWrapper)[pri:0, instance:com.winmore.runner.Test_Runner@8297b3a]" started-at="2025-09-29T02:44:19 IST" name="runScenario" description="Runs Cucumber Scenarios" data-provider="scenarios" finished-at="2025-09-29T02:44:32 IST" duration-ms="13396" status="PASS">
          <params>
            <param index="0">
              <value>
                <![CDATA["Login into the app"]]>
              </value>
            </param>
            <param index="1">
              <value>
                <![CDATA["Login related testing"]]>
              </value>
            </param>
          </params>
          <reporter-output>
          </reporter-output>
        </test-method> <!-- runScenario -->
        <test-method signature="runScenario(io.cucumber.testng.PickleWrapper,io.cucumber.testng.FeatureWrapper)[pri:0, instance:com.winmore.runner.Test_Runner@8297b3a]" started-at="2025-09-29T02:44:32 IST" name="runScenario" description="Runs Cucumber Scenarios" data-provider="scenarios" finished-at="2025-09-29T02:44:40 IST" duration-ms="8152" status="PASS">
          <params>
            <param index="0">
              <value>
                <![CDATA["User logging out from the app"]]>
              </value>
            </param>
            <param index="1">
              <value>
                <![CDATA["Login related testing"]]>
              </value>
            </param>
          </params>
          <reporter-output>
          </reporter-output>
        </test-method> <!-- runScenario -->
        <test-method signature="runScenario(io.cucumber.testng.PickleWrapper,io.cucumber.testng.FeatureWrapper)[pri:0, instance:com.winmore.runner.Test_Runner@8297b3a]" started-at="2025-09-29T02:44:40 IST" name="runScenario" description="Runs Cucumber Scenarios" data-provider="scenarios" finished-at="2025-09-29T02:44:44 IST" duration-ms="3928" status="PASS">
          <params>
            <param index="0">
              <value>
                <![CDATA["Launching the app"]]>
              </value>
            </param>
            <param index="1">
              <value>
                <![CDATA["Quick Create related testing"]]>
              </value>
            </param>
          </params>
          <reporter-output>
          </reporter-output>
        </test-method> <!-- runScenario -->
        <test-method signature="runScenario(io.cucumber.testng.PickleWrapper,io.cucumber.testng.FeatureWrapper)[pri:0, instance:com.winmore.runner.Test_Runner@8297b3a]" started-at="2025-09-29T02:44:44 IST" name="runScenario" description="Runs Cucumber Scenarios" data-provider="scenarios" finished-at="2025-09-29T02:44:58 IST" duration-ms="13757" status="PASS">
          <params>
            <param index="0">
              <value>
                <![CDATA["Login into the app"]]>
              </value>
            </param>
            <param index="1">
              <value>
                <![CDATA["Quick Create related testing"]]>
              </value>
            </param>
          </params>
          <reporter-output>
          </reporter-output>
        </test-method> <!-- runScenario -->
        <test-method signature="runScenario(io.cucumber.testng.PickleWrapper,io.cucumber.testng.FeatureWrapper)[pri:0, instance:com.winmore.runner.Test_Runner@8297b3a]" started-at="2025-09-29T02:44:58 IST" name="runScenario" description="Runs Cucumber Scenarios" data-provider="scenarios" finished-at="2025-09-29T02:44:58 IST" duration-ms="305" status="FAIL">
          <params>
            <param index="0">
              <value>
                <![CDATA["User checking the schedule activity creation"]]>
              </value>
            </param>
            <param index="1">
              <value>
                <![CDATA["Quick Create related testing"]]>
              </value>
            </param>
          </params>
          <exception class="java.lang.IllegalArgumentException">
            <message>
              <![CDATA[Unsupported option provided: Quick Create]]>
            </message>
            <full-stacktrace>
              <![CDATA[java.lang.IllegalArgumentException: Unsupported option provided: Quick Create
at com.winmore.stepdefinitions.home.HomeSteps.the_user_selecting_option_from_quick_create_list(HomeSteps.java:16)
at ✽.the user navigating to the "Quick Create" option in homepage(file:///C:/Users/amyal/Documents/WinmoreAutomation/Playwright-Cucumber-Project/WinmorePlaywrightAutomation/src/test/resources/Features/QuickCreate.feature:16)
]]>
            </full-stacktrace>
          </exception> <!-- java.lang.IllegalArgumentException -->
          <reporter-output>
          </reporter-output>
        </test-method> <!-- runScenario -->
        <test-method signature="runScenario(io.cucumber.testng.PickleWrapper,io.cucumber.testng.FeatureWrapper)[pri:0, instance:com.winmore.runner.Test_Runner@8297b3a]" started-at="2025-09-29T02:44:58 IST" name="runScenario" description="Runs Cucumber Scenarios" data-provider="scenarios" finished-at="2025-09-29T02:45:06 IST" duration-ms="8189" status="PASS">
          <params>
            <param index="0">
              <value>
                <![CDATA["User logging out from the app"]]>
              </value>
            </param>
            <param index="1">
              <value>
                <![CDATA["Quick Create related testing"]]>
              </value>
            </param>
          </params>
          <reporter-output>
          </reporter-output>
        </test-method> <!-- runScenario -->
        <test-method is-config="true" signature="tearDownClass()[pri:0, instance:com.winmore.runner.Test_Runner@8297b3a]" started-at="2025-09-29T02:45:06 IST" name="tearDownClass" finished-at="2025-09-29T02:45:09 IST" duration-ms="3099" status="PASS">
          <reporter-output>
          </reporter-output>
        </test-method> <!-- tearDownClass -->
        <test-method is-config="true" signature="afterAllTests()[pri:0, instance:com.winmore.runner.Test_Runner@8297b3a]" started-at="2025-09-29T02:45:10 IST" name="afterAllTests" finished-at="2025-09-29T02:45:28 IST" duration-ms="18051" status="PASS">
          <reporter-output>
          </reporter-output>
        </test-method> <!-- afterAllTests -->
      </class> <!-- com.winmore.runner.Test_Runner -->
    </test> <!-- Surefire test -->
  </suite> <!-- Surefire suite -->
</testng-results>
