<?xml version="1.0" encoding="UTF-8"?>
<testng-results ignored="0" total="3" passed="1" failed="2" skipped="0">
  <reporter-output>
  </reporter-output>
  <suite started-at="2025-09-01T03:50:16 IST" name="Surefire suite" finished-at="2025-09-01T03:51:47 IST" duration-ms="90892">
    <groups>
      <group name="cucumber">
        <method signature="AbstractTestNGCucumberTests.runScenario(io.cucumber.testng.PickleWrapper,io.cucumber.testng.FeatureWrapper)[pri:0, instance:com.winmore.runner.Test_Runner@8297b3a]" name="runScenario" class="io.cucumber.testng.AbstractTestNGCucumberTests"/>
      </group> <!-- cucumber -->
    </groups>
    <test started-at="2025-09-01T03:50:16 IST" name="Surefire test" finished-at="2025-09-01T03:51:47 IST" duration-ms="90892">
      <class name="com.winmore.runner.Test_Runner">
        <test-method is-config="true" signature="setUpClass(org.testng.ITestContext)[pri:0, instance:com.winmore.runner.Test_Runner@8297b3a]" started-at="2025-09-01T03:50:16 IST" name="setUpClass" finished-at="2025-09-01T03:50:28 IST" duration-ms="11980" status="PASS">
          <params>
            <param index="0">
              <value>
                <![CDATA[org.testng.TestRunner@15586843]]>
              </value>
            </param>
          </params>
          <reporter-output>
          </reporter-output>
        </test-method> <!-- setUpClass -->
        <test-method is-config="true" signature="setEnvFromXml(java.lang.String,java.lang.String)[pri:0, instance:com.winmore.runner.Test_Runner@8297b3a]" started-at="2025-09-01T03:50:28 IST" name="setEnvFromXml" finished-at="2025-09-01T03:50:28 IST" duration-ms="3" status="PASS">
          <params>
            <param index="0">
              <value>
                <![CDATA[napreprod]]>
              </value>
            </param>
            <param index="1">
              <value>
                <![CDATA[amit.kumar@winmore.app]]>
              </value>
            </param>
          </params>
          <reporter-output>
          </reporter-output>
        </test-method> <!-- setEnvFromXml -->
        <test-method signature="runScenario(io.cucumber.testng.PickleWrapper,io.cucumber.testng.FeatureWrapper)[pri:0, instance:com.winmore.runner.Test_Runner@8297b3a]" started-at="2025-09-01T03:50:28 IST" name="runScenario" description="Runs Cucumber Scenarios" data-provider="scenarios" finished-at="2025-09-01T03:50:35 IST" duration-ms="7310" status="PASS">
          <params>
            <param index="0">
              <value>
                <![CDATA["Launching the app"]]>
              </value>
            </param>
            <param index="1">
              <value>
                <![CDATA["Extension Auto Export Doc related testing"]]>
              </value>
            </param>
          </params>
          <reporter-output>
          </reporter-output>
        </test-method> <!-- runScenario -->
        <test-method signature="runScenario(io.cucumber.testng.PickleWrapper,io.cucumber.testng.FeatureWrapper)[pri:0, instance:com.winmore.runner.Test_Runner@8297b3a]" started-at="2025-09-01T03:50:35 IST" name="runScenario" description="Runs Cucumber Scenarios" data-provider="scenarios" finished-at="2025-09-01T03:51:11 IST" duration-ms="35424" status="FAIL">
          <params>
            <param index="0">
              <value>
                <![CDATA["Login into the app"]]>
              </value>
            </param>
            <param index="1">
              <value>
                <![CDATA["Extension Auto Export Doc related testing"]]>
              </value>
            </param>
          </params>
          <exception class="java.lang.AssertionError">
            <message>
              <![CDATA[Failed to perform a standard click on locator '//a[contains(text(),'Aggregate Shipments')][1]': Error {
  message='Timeout 30000ms exceeded.
=========================== logs ===========================
waiting for locator("xpath=//a[contains(text(),'Aggregate Shipments')][1]")
============================================================
  name='TimeoutError
  stack='TimeoutError: Timeout 30000ms exceeded.
=========================== logs ===========================
waiting for locator("xpath=//a[contains(text(),'Aggregate Shipments')][1]")
============================================================
    at ProgressController.run (C:\Users\amyal\AppData\Local\Temp\playwright-java-4752265878314167441\package\lib\server\progress.js:93:26)
    at Frame.click (C:\Users\amyal\AppData\Local\Temp\playwright-java-4752265878314167441\package\lib\server\frames.js:945:23)
    at FrameDispatcher.click (C:\Users\amyal\AppData\Local\Temp\playwright-java-4752265878314167441\package\lib\server\dispatchers\frameDispatcher.js:146:30)
    at DispatcherConnection.dispatch (C:\Users\amyal\AppData\Local\Temp\playwright-java-4752265878314167441\package\lib\server\dispatchers\dispatcher.js:317:46)
}]]>
            </message>
            <full-stacktrace>
              <![CDATA[java.lang.AssertionError: Failed to perform a standard click on locator '//a[contains(text(),'Aggregate Shipments')][1]': Error {
  message='Timeout 30000ms exceeded.
=========================== logs ===========================
waiting for locator("xpath=//a[contains(text(),'Aggregate Shipments')][1]")
============================================================
  name='TimeoutError
  stack='TimeoutError: Timeout 30000ms exceeded.
=========================== logs ===========================
waiting for locator("xpath=//a[contains(text(),'Aggregate Shipments')][1]")
============================================================
    at ProgressController.run (C:\Users\amyal\AppData\Local\Temp\playwright-java-4752265878314167441\package\lib\server\progress.js:93:26)
    at Frame.click (C:\Users\amyal\AppData\Local\Temp\playwright-java-4752265878314167441\package\lib\server\frames.js:945:23)
    at FrameDispatcher.click (C:\Users\amyal\AppData\Local\Temp\playwright-java-4752265878314167441\package\lib\server\dispatchers\frameDispatcher.js:146:30)
    at DispatcherConnection.dispatch (C:\Users\amyal\AppData\Local\Temp\playwright-java-4752265878314167441\package\lib\server\dispatchers\dispatcher.js:317:46)
}
at org.testng.Assert.fail(Assert.java:110)
at com.winmore.actions.ClickActionHelper.click(ClickActionHelper.java:31)
at com.winmore.stepImplementations.LoginStepsImpl.selectOrganization(LoginStepsImpl.java:66)
at com.winmore.stepdefinitions.login.LoginSteps.the_user_selecting_the_organization(LoginSteps.java:32)
at ✽.the user selecting the Organization "Engineering Automation"(file:///C:/Users/amyal/Documents/WinmoreAutomation/Playwright-Cucumber-Project/WinmorePlaywrightAutomation/src/test/resources/Features/Extensions_AutoExportDoc.feature:12)
]]>
            </full-stacktrace>
          </exception> <!-- java.lang.AssertionError -->
          <reporter-output>
          </reporter-output>
        </test-method> <!-- runScenario -->
        <test-method signature="runScenario(io.cucumber.testng.PickleWrapper,io.cucumber.testng.FeatureWrapper)[pri:0, instance:com.winmore.runner.Test_Runner@8297b3a]" started-at="2025-09-01T03:51:11 IST" name="runScenario" description="Runs Cucumber Scenarios" data-provider="scenarios" finished-at="2025-09-01T03:51:45 IST" duration-ms="34529" status="FAIL">
          <params>
            <param index="0">
              <value>
                <![CDATA["User creating a record"]]>
              </value>
            </param>
            <param index="1">
              <value>
                <![CDATA["Extension Auto Export Doc related testing"]]>
              </value>
            </param>
          </params>
          <exception class="java.lang.AssertionError">
            <message>
              <![CDATA[Failed to perform a standard click on locator '//a[contains(text(),'Aggregate Shipments')][1]': Error {
  message='Timeout 30000ms exceeded.
=========================== logs ===========================
waiting for locator("xpath=//a[contains(text(),'Aggregate Shipments')][1]")
============================================================
  name='TimeoutError
  stack='TimeoutError: Timeout 30000ms exceeded.
=========================== logs ===========================
waiting for locator("xpath=//a[contains(text(),'Aggregate Shipments')][1]")
============================================================
    at ProgressController.run (C:\Users\amyal\AppData\Local\Temp\playwright-java-4752265878314167441\package\lib\server\progress.js:93:26)
    at Frame.click (C:\Users\amyal\AppData\Local\Temp\playwright-java-4752265878314167441\package\lib\server\frames.js:945:23)
    at FrameDispatcher.click (C:\Users\amyal\AppData\Local\Temp\playwright-java-4752265878314167441\package\lib\server\dispatchers\frameDispatcher.js:146:30)
    at DispatcherConnection.dispatch (C:\Users\amyal\AppData\Local\Temp\playwright-java-4752265878314167441\package\lib\server\dispatchers\dispatcher.js:317:46)
}]]>
            </message>
            <full-stacktrace>
              <![CDATA[java.lang.AssertionError: Failed to perform a standard click on locator '//a[contains(text(),'Aggregate Shipments')][1]': Error {
  message='Timeout 30000ms exceeded.
=========================== logs ===========================
waiting for locator("xpath=//a[contains(text(),'Aggregate Shipments')][1]")
============================================================
  name='TimeoutError
  stack='TimeoutError: Timeout 30000ms exceeded.
=========================== logs ===========================
waiting for locator("xpath=//a[contains(text(),'Aggregate Shipments')][1]")
============================================================
    at ProgressController.run (C:\Users\amyal\AppData\Local\Temp\playwright-java-4752265878314167441\package\lib\server\progress.js:93:26)
    at Frame.click (C:\Users\amyal\AppData\Local\Temp\playwright-java-4752265878314167441\package\lib\server\frames.js:945:23)
    at FrameDispatcher.click (C:\Users\amyal\AppData\Local\Temp\playwright-java-4752265878314167441\package\lib\server\dispatchers\frameDispatcher.js:146:30)
    at DispatcherConnection.dispatch (C:\Users\amyal\AppData\Local\Temp\playwright-java-4752265878314167441\package\lib\server\dispatchers\dispatcher.js:317:46)
}
at org.testng.Assert.fail(Assert.java:110)
at com.winmore.actions.ClickActionHelper.click(ClickActionHelper.java:31)
at com.winmore.stepdefinitions.extensions.Extensions_AutoExportDocSteps.the_user_navigating_to_the_option_in_browse(Extensions_AutoExportDocSteps.java:18)
at ✽.the user navigating to the "Aggregate Shipments" option in browse(file:///C:/Users/amyal/Documents/WinmoreAutomation/Playwright-Cucumber-Project/WinmorePlaywrightAutomation/src/test/resources/Features/Extensions_AutoExportDoc.feature:17)
]]>
            </full-stacktrace>
          </exception> <!-- java.lang.AssertionError -->
          <reporter-output>
          </reporter-output>
        </test-method> <!-- runScenario -->
        <test-method is-config="true" signature="tearDownClass()[pri:0, instance:com.winmore.runner.Test_Runner@8297b3a]" started-at="2025-09-01T03:51:45 IST" name="tearDownClass" finished-at="2025-09-01T03:51:47 IST" duration-ms="1600" status="PASS">
          <reporter-output>
          </reporter-output>
        </test-method> <!-- tearDownClass -->
        <test-method is-config="true" signature="afterAllTests()[pri:0, instance:com.winmore.runner.Test_Runner@8297b3a]" started-at="2025-09-01T03:51:47 IST" name="afterAllTests" finished-at="2025-09-01T03:51:52 IST" duration-ms="5374" status="PASS">
          <reporter-output>
          </reporter-output>
        </test-method> <!-- afterAllTests -->
      </class> <!-- com.winmore.runner.Test_Runner -->
    </test> <!-- Surefire test -->
  </suite> <!-- Surefire suite -->
</testng-results>
