<?xml version="1.0" encoding="UTF-8"?>
<testsuite xmlns:xsi="http://www.w3.org/2001/XMLSchema-instance" xsi:noNamespaceSchemaLocation="https://maven.apache.org/surefire/maven-surefire-plugin/xsd/surefire-test-report-3.0.xsd" version="3.0" name="com.winmore.runner.Test_Runner" time="96.766" tests="3" errors="0" skipped="0" failures="2">
  <properties>
[...]
</properties>
  <testcase name="runScenario[&quot;Launching the app&quot;, &quot;Extension Auto Export Doc related testing&quot;](1)" classname="com.winmore.runner.Test_Runner" time="7.314">
    <system-out><![CDATA[✅ Browser launched successfully.
2025-09-01 03:50:28 [main] INFO  com.winmore.utils.Log - ✅ Browser launched successfully.
The Executing tag is >>>> AutoExportDoc
Mail Recipients (from TestNG): amit.kumar@winmore.app
napreprod

@ExtensionPart2 @AutoExportDoc
Scenario: Launching the app                          # src/test/resources/Features/Extensions_AutoExportDoc.feature:4
2025-09-01 03:50:28 [main] INFO  com.winmore.utils.Log - 🚀 Starting Scenario Execution...
🌍 Launching Winmore app on environment [napreprod] at: https://login-napreprod.lanetixstaging.com/
2025-09-01 03:50:28 [main] INFO  com.winmore.utils.Log - 🌍 Launching Winmore app on environment [napreprod] at: https://login-napreprod.lanetixstaging.com/
Launching app URL
2025-09-01 03:50:33 [main] INFO  com.winmore.utils.Log - ✅ Application URL launched successfully.
  Given the user navigates to "Winmore" application  # com.winmore.stepdefinitions.login.LoginSteps.the_user_navigates_to(java.lang.String)
2025-09-01 03:50:35 [main] INFO  com.winmore.utils.Log - ✅ Verified presence of login screen successfully.
  Then the user verifying the presence of login page # com.winmore.stepdefinitions.login.LoginSteps.verifyThePresenceOFLoginScreen()
2025-09-01 03:50:35 [main] INFO  com.winmore.utils.Log - 🏁 Scenario Execution Finished.
]]></system-out>
  </testcase>
  <testcase name="runScenario[&quot;Login into the app&quot;, &quot;Extension Auto Export Doc related testing&quot;](2)" classname="com.winmore.runner.Test_Runner" time="35.428">
    <failure message="Failed to perform a standard click on locator &apos;//a[contains(text(),&apos;Aggregate Shipments&apos;)][1]&apos;: Error {&#10;  message=&apos;Timeout 30000ms exceeded.&#10;=========================== logs ===========================&#10;waiting for locator(&quot;xpath=//a[contains(text(),&apos;Aggregate Shipments&apos;)][1]&quot;)&#10;============================================================&#10;  name=&apos;TimeoutError&#10;  stack=&apos;TimeoutError: Timeout 30000ms exceeded.&#10;=========================== logs ===========================&#10;waiting for locator(&quot;xpath=//a[contains(text(),&apos;Aggregate Shipments&apos;)][1]&quot;)&#10;============================================================&#10;    at ProgressController.run (C:\Users\amyal\AppData\Local\Temp\playwright-java-4752265878314167441\package\lib\server\progress.js:93:26)&#10;    at Frame.click (C:\Users\amyal\AppData\Local\Temp\playwright-java-4752265878314167441\package\lib\server\frames.js:945:23)&#10;    at FrameDispatcher.click (C:\Users\amyal\AppData\Local\Temp\playwright-java-4752265878314167441\package\lib\server\dispatchers\frameDispatcher.js:146:30)&#10;    at DispatcherConnection.dispatch (C:\Users\amyal\AppData\Local\Temp\playwright-java-4752265878314167441\package\lib\server\dispatchers\dispatcher.js:317:46)&#10;}" type="java.lang.AssertionError"><![CDATA[java.lang.AssertionError: 
Failed to perform a standard click on locator '//a[contains(text(),'Aggregate Shipments')][1]': Error {
  message='Timeout 30000ms exceeded.
=========================== logs ===========================
waiting for locator("xpath=//a[contains(text(),'Aggregate Shipments')][1]")
============================================================
  name='TimeoutError
  stack='TimeoutError: Timeout 30000ms exceeded.
=========================== logs ===========================
waiting for locator("xpath=//a[contains(text(),'Aggregate Shipments')][1]")
============================================================
    at ProgressController.run (C:\Users\amyal\AppData\Local\Temp\playwright-java-4752265878314167441\package\lib\server\progress.js:93:26)
    at Frame.click (C:\Users\amyal\AppData\Local\Temp\playwright-java-4752265878314167441\package\lib\server\frames.js:945:23)
    at FrameDispatcher.click (C:\Users\amyal\AppData\Local\Temp\playwright-java-4752265878314167441\package\lib\server\dispatchers\frameDispatcher.js:146:30)
    at DispatcherConnection.dispatch (C:\Users\amyal\AppData\Local\Temp\playwright-java-4752265878314167441\package\lib\server\dispatchers\dispatcher.js:317:46)
}
	at org.testng.Assert.fail(Assert.java:110)
	at com.winmore.actions.ClickActionHelper.click(ClickActionHelper.java:31)
	at com.winmore.stepImplementations.LoginStepsImpl.selectOrganization(LoginStepsImpl.java:66)
	at com.winmore.stepdefinitions.login.LoginSteps.the_user_selecting_the_organization(LoginSteps.java:32)
	at ✽.the user selecting the Organization "Engineering Automation"(file:///C:/Users/amyal/Documents/WinmoreAutomation/Playwright-Cucumber-Project/WinmorePlaywrightAutomation/src/test/resources/Features/Extensions_AutoExportDoc.feature:12)
]]></failure>
    <system-out><![CDATA[
@ExtensionPart2 @AutoExportDoc
Scenario: Login into the app                                       # src/test/resources/Features/Extensions_AutoExportDoc.feature:8
2025-09-01 03:50:35 [main] INFO  com.winmore.utils.Log - 🚀 Starting Scenario Execution...
  Given the user logging into the app                              # com.winmore.stepdefinitions.login.LoginSteps.the_user_logging_into_the_app(io.cucumber.datatable.DataTable)
    | Email                        | password |
    | automationtester@winmore.app | Test@123 |
✅ Element is visible: //h3[normalize-space()='Select an organization']
  And the user selecting the Organization "Engineering Automation" # com.winmore.stepdefinitions.login.LoginSteps.the_user_selecting_the_organization(java.lang.String)
      java.lang.AssertionError: Failed to perform a standard click on locator '//a[contains(text(),'Aggregate Shipments')][1]': Error {
  message='Timeout 30000ms exceeded.
=========================== logs ===========================
waiting for locator("xpath=//a[contains(text(),'Aggregate Shipments')][1]")
============================================================
  name='TimeoutError
  stack='TimeoutError: Timeout 30000ms exceeded.
=========================== logs ===========================
waiting for locator("xpath=//a[contains(text(),'Aggregate Shipments')][1]")
============================================================
    at ProgressController.run (C:\Users\amyal\AppData\Local\Temp\playwright-java-4752265878314167441\package\lib\server\progress.js:93:26)
    at Frame.click (C:\Users\amyal\AppData\Local\Temp\playwright-java-4752265878314167441\package\lib\server\frames.js:945:23)
    at FrameDispatcher.click (C:\Users\amyal\AppData\Local\Temp\playwright-java-4752265878314167441\package\lib\server\dispatchers\frameDispatcher.js:146:30)
    at DispatcherConnection.dispatch (C:\Users\amyal\AppData\Local\Temp\playwright-java-4752265878314167441\package\lib\server\dispatchers\dispatcher.js:317:46)
}
	at org.testng.Assert.fail(Assert.java:110)
	at com.winmore.actions.ClickActionHelper.click(ClickActionHelper.java:31)
	at com.winmore.stepImplementations.LoginStepsImpl.selectOrganization(LoginStepsImpl.java:66)
	at com.winmore.stepdefinitions.login.LoginSteps.the_user_selecting_the_organization(LoginSteps.java:32)
	at ✽.the user selecting the Organization "Engineering Automation"(file:///C:/Users/amyal/Documents/WinmoreAutomation/Playwright-Cucumber-Project/WinmorePlaywrightAutomation/src/test/resources/Features/Extensions_AutoExportDoc.feature:12)

  Then the user verifying the successful login                     # com.winmore.stepdefinitions.login.LoginSteps.the_user_verifying_the_successful_login()
2025-09-01 03:51:10 [main] INFO  com.winmore.utils.Log - 🏁 Scenario Execution Finished.

    Embedding Login into the app [image/png 109096 bytes]

]]></system-out>
  </testcase>
  <testcase name="runScenario[&quot;User creating a record&quot;, &quot;Extension Auto Export Doc related testing&quot;](3)" classname="com.winmore.runner.Test_Runner" time="34.53">
    <failure message="Failed to perform a standard click on locator &apos;//a[contains(text(),&apos;Aggregate Shipments&apos;)][1]&apos;: Error {&#10;  message=&apos;Timeout 30000ms exceeded.&#10;=========================== logs ===========================&#10;waiting for locator(&quot;xpath=//a[contains(text(),&apos;Aggregate Shipments&apos;)][1]&quot;)&#10;============================================================&#10;  name=&apos;TimeoutError&#10;  stack=&apos;TimeoutError: Timeout 30000ms exceeded.&#10;=========================== logs ===========================&#10;waiting for locator(&quot;xpath=//a[contains(text(),&apos;Aggregate Shipments&apos;)][1]&quot;)&#10;============================================================&#10;    at ProgressController.run (C:\Users\amyal\AppData\Local\Temp\playwright-java-4752265878314167441\package\lib\server\progress.js:93:26)&#10;    at Frame.click (C:\Users\amyal\AppData\Local\Temp\playwright-java-4752265878314167441\package\lib\server\frames.js:945:23)&#10;    at FrameDispatcher.click (C:\Users\amyal\AppData\Local\Temp\playwright-java-4752265878314167441\package\lib\server\dispatchers\frameDispatcher.js:146:30)&#10;    at DispatcherConnection.dispatch (C:\Users\amyal\AppData\Local\Temp\playwright-java-4752265878314167441\package\lib\server\dispatchers\dispatcher.js:317:46)&#10;}" type="java.lang.AssertionError"><![CDATA[java.lang.AssertionError: 
Failed to perform a standard click on locator '//a[contains(text(),'Aggregate Shipments')][1]': Error {
  message='Timeout 30000ms exceeded.
=========================== logs ===========================
waiting for locator("xpath=//a[contains(text(),'Aggregate Shipments')][1]")
============================================================
  name='TimeoutError
  stack='TimeoutError: Timeout 30000ms exceeded.
=========================== logs ===========================
waiting for locator("xpath=//a[contains(text(),'Aggregate Shipments')][1]")
============================================================
    at ProgressController.run (C:\Users\amyal\AppData\Local\Temp\playwright-java-4752265878314167441\package\lib\server\progress.js:93:26)
    at Frame.click (C:\Users\amyal\AppData\Local\Temp\playwright-java-4752265878314167441\package\lib\server\frames.js:945:23)
    at FrameDispatcher.click (C:\Users\amyal\AppData\Local\Temp\playwright-java-4752265878314167441\package\lib\server\dispatchers\frameDispatcher.js:146:30)
    at DispatcherConnection.dispatch (C:\Users\amyal\AppData\Local\Temp\playwright-java-4752265878314167441\package\lib\server\dispatchers\dispatcher.js:317:46)
}
	at org.testng.Assert.fail(Assert.java:110)
	at com.winmore.actions.ClickActionHelper.click(ClickActionHelper.java:31)
	at com.winmore.stepdefinitions.extensions.Extensions_AutoExportDocSteps.the_user_navigating_to_the_option_in_browse(Extensions_AutoExportDocSteps.java:18)
	at ✽.the user navigating to the "Aggregate Shipments" option in browse(file:///C:/Users/amyal/Documents/WinmoreAutomation/Playwright-Cucumber-Project/WinmorePlaywrightAutomation/src/test/resources/Features/Extensions_AutoExportDoc.feature:17)
]]></failure>
    <system-out><![CDATA[
@ExtensionPart2 @AutoExportDoc
Scenario: User creating a record                                         # src/test/resources/Features/Extensions_AutoExportDoc.feature:15
2025-09-01 03:51:11 [main] INFO  com.winmore.utils.Log - 🚀 Starting Scenario Execution...
✅ Element is visible: //a[normalize-space()='Browse']
  Given the user selecting the "Browse" tab                              # com.winmore.stepdefinitions.extensions.Extensions_AutoExportDocSteps.the_user_selecting_the_tab(java.lang.String)
  Then the user navigating to the "Aggregate Shipments" option in browse # com.winmore.stepdefinitions.extensions.Extensions_AutoExportDocSteps.the_user_navigating_to_the_option_in_browse(java.lang.String)
      java.lang.AssertionError: Failed to perform a standard click on locator '//a[contains(text(),'Aggregate Shipments')][1]': Error {
  message='Timeout 30000ms exceeded.
=========================== logs ===========================
waiting for locator("xpath=//a[contains(text(),'Aggregate Shipments')][1]")
============================================================
  name='TimeoutError
  stack='TimeoutError: Timeout 30000ms exceeded.
=========================== logs ===========================
waiting for locator("xpath=//a[contains(text(),'Aggregate Shipments')][1]")
============================================================
    at ProgressController.run (C:\Users\amyal\AppData\Local\Temp\playwright-java-4752265878314167441\package\lib\server\progress.js:93:26)
    at Frame.click (C:\Users\amyal\AppData\Local\Temp\playwright-java-4752265878314167441\package\lib\server\frames.js:945:23)
    at FrameDispatcher.click (C:\Users\amyal\AppData\Local\Temp\playwright-java-4752265878314167441\package\lib\server\dispatchers\frameDispatcher.js:146:30)
    at DispatcherConnection.dispatch (C:\Users\amyal\AppData\Local\Temp\playwright-java-4752265878314167441\package\lib\server\dispatchers\dispatcher.js:317:46)
}
	at org.testng.Assert.fail(Assert.java:110)
	at com.winmore.actions.ClickActionHelper.click(ClickActionHelper.java:31)
	at com.winmore.stepdefinitions.extensions.Extensions_AutoExportDocSteps.the_user_navigating_to_the_option_in_browse(Extensions_AutoExportDocSteps.java:18)
	at ✽.the user navigating to the "Aggregate Shipments" option in browse(file:///C:/Users/amyal/Documents/WinmoreAutomation/Playwright-Cucumber-Project/WinmorePlaywrightAutomation/src/test/resources/Features/Extensions_AutoExportDoc.feature:17)

  And the user selecting the "Create Record" button                      # com.winmore.stepdefinitions.login.LoginSteps.the_user_selecting_the_button(java.lang.String)
2025-09-01 03:51:45 [main] INFO  com.winmore.utils.Log - 🏁 Scenario Execution Finished.

    Embedding User creating a record [image/png 150701 bytes]

]]></system-out>
  </testcase>
</testsuite>