<?xml version="1.0" encoding="UTF-8"?>
<!-- Generated by org.testng.reporters.JUnitReportReporter -->
<testsuite hostname="amitKumar" failures="2" tests="3" name="com.winmore.runner.Test_Runner" time="77.263" errors="0" timestamp="2025-09-01T03:51:52 IST" skipped="0">
  <testcase classname="com.winmore.runner.Test_Runner" name="runScenario" time="7.310"/>
  <system-out/>
  <testcase classname="com.winmore.runner.Test_Runner" name="runScenario" time="34.529">
    <failure message="Failed to perform a standard click on locator &#039;//a[contains(text(),&#039;Aggregate Shipments&#039;)][1]&#039;: Error {
  message=&#039;Timeout 30000ms exceeded.
=========================== logs ===========================
waiting for locator(&quot;xpath=//a[contains(text(),&#039;Aggregate Shipments&#039;)][1]&quot;)
============================================================
  name=&#039;TimeoutError
  stack=&#039;TimeoutError: Timeout 30000ms exceeded.
=========================== logs ===========================
waiting for locator(&quot;xpath=//a[contains(text(),&#039;Aggregate Shipments&#039;)][1]&quot;)
============================================================
    at ProgressController.run (C:\Users\amyal\AppData\Local\Temp\playwright-java-4752265878314167441\package\lib\server\progress.js:93:26)
    at Frame.click (C:\Users\amyal\AppData\Local\Temp\playwright-java-4752265878314167441\package\lib\server\frames.js:945:23)
    at FrameDispatcher.click (C:\Users\amyal\AppData\Local\Temp\playwright-java-4752265878314167441\package\lib\server\dispatchers\frameDispatcher.js:146:30)
    at DispatcherConnection.dispatch (C:\Users\amyal\AppData\Local\Temp\playwright-java-4752265878314167441\package\lib\server\dispatchers\dispatcher.js:317:46)
}" type="java.lang.AssertionError">
      <![CDATA[java.lang.AssertionError: Failed to perform a standard click on locator '//a[contains(text(),'Aggregate Shipments')][1]': Error {
  message='Timeout 30000ms exceeded.
=========================== logs ===========================
waiting for locator("xpath=//a[contains(text(),'Aggregate Shipments')][1]")
============================================================
  name='TimeoutError
  stack='TimeoutError: Timeout 30000ms exceeded.
=========================== logs ===========================
waiting for locator("xpath=//a[contains(text(),'Aggregate Shipments')][1]")
============================================================
    at ProgressController.run (C:\Users\amyal\AppData\Local\Temp\playwright-java-4752265878314167441\package\lib\server\progress.js:93:26)
    at Frame.click (C:\Users\amyal\AppData\Local\Temp\playwright-java-4752265878314167441\package\lib\server\frames.js:945:23)
    at FrameDispatcher.click (C:\Users\amyal\AppData\Local\Temp\playwright-java-4752265878314167441\package\lib\server\dispatchers\frameDispatcher.js:146:30)
    at DispatcherConnection.dispatch (C:\Users\amyal\AppData\Local\Temp\playwright-java-4752265878314167441\package\lib\server\dispatchers\dispatcher.js:317:46)
}
at org.testng.Assert.fail(Assert.java:110)
at com.winmore.actions.ClickActionHelper.click(ClickActionHelper.java:31)
at com.winmore.stepdefinitions.extensions.Extensions_AutoExportDocSteps.the_user_navigating_to_the_option_in_browse(Extensions_AutoExportDocSteps.java:18)
at ✽.the user navigating to the "Aggregate Shipments" option in browse(file:///C:/Users/amyal/Documents/WinmoreAutomation/Playwright-Cucumber-Project/WinmorePlaywrightAutomation/src/test/resources/Features/Extensions_AutoExportDoc.feature:17)
]]>
    </failure>
  </testcase> <!-- runScenario -->
  <system-out/>
  <testcase classname="com.winmore.runner.Test_Runner" name="runScenario" time="35.424">
    <failure message="Failed to perform a standard click on locator &#039;//a[contains(text(),&#039;Aggregate Shipments&#039;)][1]&#039;: Error {
  message=&#039;Timeout 30000ms exceeded.
=========================== logs ===========================
waiting for locator(&quot;xpath=//a[contains(text(),&#039;Aggregate Shipments&#039;)][1]&quot;)
============================================================
  name=&#039;TimeoutError
  stack=&#039;TimeoutError: Timeout 30000ms exceeded.
=========================== logs ===========================
waiting for locator(&quot;xpath=//a[contains(text(),&#039;Aggregate Shipments&#039;)][1]&quot;)
============================================================
    at ProgressController.run (C:\Users\amyal\AppData\Local\Temp\playwright-java-4752265878314167441\package\lib\server\progress.js:93:26)
    at Frame.click (C:\Users\amyal\AppData\Local\Temp\playwright-java-4752265878314167441\package\lib\server\frames.js:945:23)
    at FrameDispatcher.click (C:\Users\amyal\AppData\Local\Temp\playwright-java-4752265878314167441\package\lib\server\dispatchers\frameDispatcher.js:146:30)
    at DispatcherConnection.dispatch (C:\Users\amyal\AppData\Local\Temp\playwright-java-4752265878314167441\package\lib\server\dispatchers\dispatcher.js:317:46)
}" type="java.lang.AssertionError">
      <![CDATA[java.lang.AssertionError: Failed to perform a standard click on locator '//a[contains(text(),'Aggregate Shipments')][1]': Error {
  message='Timeout 30000ms exceeded.
=========================== logs ===========================
waiting for locator("xpath=//a[contains(text(),'Aggregate Shipments')][1]")
============================================================
  name='TimeoutError
  stack='TimeoutError: Timeout 30000ms exceeded.
=========================== logs ===========================
waiting for locator("xpath=//a[contains(text(),'Aggregate Shipments')][1]")
============================================================
    at ProgressController.run (C:\Users\amyal\AppData\Local\Temp\playwright-java-4752265878314167441\package\lib\server\progress.js:93:26)
    at Frame.click (C:\Users\amyal\AppData\Local\Temp\playwright-java-4752265878314167441\package\lib\server\frames.js:945:23)
    at FrameDispatcher.click (C:\Users\amyal\AppData\Local\Temp\playwright-java-4752265878314167441\package\lib\server\dispatchers\frameDispatcher.js:146:30)
    at DispatcherConnection.dispatch (C:\Users\amyal\AppData\Local\Temp\playwright-java-4752265878314167441\package\lib\server\dispatchers\dispatcher.js:317:46)
}
at org.testng.Assert.fail(Assert.java:110)
at com.winmore.actions.ClickActionHelper.click(ClickActionHelper.java:31)
at com.winmore.stepImplementations.LoginStepsImpl.selectOrganization(LoginStepsImpl.java:66)
at com.winmore.stepdefinitions.login.LoginSteps.the_user_selecting_the_organization(LoginSteps.java:32)
at ✽.the user selecting the Organization "Engineering Automation"(file:///C:/Users/amyal/Documents/WinmoreAutomation/Playwright-Cucumber-Project/WinmorePlaywrightAutomation/src/test/resources/Features/Extensions_AutoExportDoc.feature:12)
]]>
    </failure>
  </testcase> <!-- runScenario -->
  <system-out/>
</testsuite> <!-- com.winmore.runner.Test_Runner -->
