<?xml version="1.0" encoding="UTF-8"?>
<!-- Generated by org.testng.reporters.JUnitReportReporter -->
<testsuite hostname="amitKumar" failures="0" tests="24" name="com.winmore.runner.Test_Runner" time="276.372" errors="1" timestamp="2025-09-29T02:45:28 IST" skipped="0">
  <testcase classname="com.winmore.runner.Test_Runner" name="runScenario" time="52.299"/>
  <system-out/>
  <testcase classname="com.winmore.runner.Test_Runner" name="runScenario" time="13.592"/>
  <system-out/>
  <testcase classname="com.winmore.runner.Test_Runner" name="runScenario" time="3.929"/>
  <system-out/>
  <testcase classname="com.winmore.runner.Test_Runner" name="runScenario" time="8.152"/>
  <system-out/>
  <testcase classname="com.winmore.runner.Test_Runner" name="runScenario" time="8.189"/>
  <system-out/>
  <testcase classname="com.winmore.runner.Test_Runner" name="runScenario" time="14.412"/>
  <system-out/>
  <testcase classname="com.winmore.runner.Test_Runner" name="runScenario" time="3.898"/>
  <system-out/>
  <testcase classname="com.winmore.runner.Test_Runner" name="runScenario" time="0.157"/>
  <system-out/>
  <testcase classname="com.winmore.runner.Test_Runner" name="runScenario" time="8.807"/>
  <system-out/>
  <testcase classname="com.winmore.runner.Test_Runner" name="runScenario" time="12.346"/>
  <system-out/>
  <testcase classname="com.winmore.runner.Test_Runner" name="runScenario" time="13.396"/>
  <system-out/>
  <testcase classname="com.winmore.runner.Test_Runner" name="runScenario" time="13.762"/>
  <system-out/>
  <testcase classname="com.winmore.runner.Test_Runner" name="runScenario" time="0.305">
    <error message="Unsupported option provided: Quick Create" type="java.lang.IllegalArgumentException">
      <![CDATA[java.lang.IllegalArgumentException: Unsupported option provided: Quick Create
at com.winmore.stepdefinitions.home.HomeSteps.the_user_selecting_option_from_quick_create_list(HomeSteps.java:16)
at ✽.the user navigating to the "Quick Create" option in homepage(file:///C:/Users/amyal/Documents/WinmoreAutomation/Playwright-Cucumber-Project/WinmorePlaywrightAutomation/src/test/resources/Features/QuickCreate.feature:16)
]]>
    </error>
  </testcase> <!-- runScenario -->
  <system-out/>
  <testcase classname="com.winmore.runner.Test_Runner" name="runScenario" time="16.393"/>
  <system-out/>
  <testcase classname="com.winmore.runner.Test_Runner" name="runScenario" time="6.133"/>
  <system-out/>
  <testcase classname="com.winmore.runner.Test_Runner" name="runScenario" time="8.380"/>
  <system-out/>
  <testcase classname="com.winmore.runner.Test_Runner" name="runScenario" time="3.928"/>
  <system-out/>
  <testcase classname="com.winmore.runner.Test_Runner" name="runScenario" time="12.808"/>
  <system-out/>
  <testcase classname="com.winmore.runner.Test_Runner" name="runScenario" time="37.305"/>
  <system-out/>
  <testcase classname="com.winmore.runner.Test_Runner" name="runScenario" time="13.757"/>
  <system-out/>
  <testcase classname="com.winmore.runner.Test_Runner" name="runScenario" time="3.899"/>
  <system-out/>
  <testcase classname="com.winmore.runner.Test_Runner" name="runScenario" time="4.115"/>
  <system-out/>
  <testcase classname="com.winmore.runner.Test_Runner" name="runScenario" time="8.177"/>
  <system-out/>
  <testcase classname="com.winmore.runner.Test_Runner" name="runScenario" time="8.233"/>
  <system-out/>
</testsuite> <!-- com.winmore.runner.Test_Runner -->
